[0.012s] Invoking command in '/home/user1/ws01_plumbing/build/cpp01_topic': CMAKE_PREFIX_PATH=/home/user1/ws01_plumbing/install/base_interfaces_demo:/home/user1/ws01_plumbing/install/cpp01_topic:/home/user1/ws01_plumbing/install/py01_topic:/opt/ros/humble /usr/bin/cmake --build /home/user1/ws01_plumbing/build/cpp01_topic -- -j12 -l12
[0.036s] -- Found ament_cmake: 1.3.12 (/opt/ros/humble/share/ament_cmake/cmake)
[0.141s] -- Found rclcpp: 16.0.15 (/opt/ros/humble/share/rclcpp/cmake)
[0.161s] -- Found rosidl_generator_c: 3.1.7 (/opt/ros/humble/share/rosidl_generator_c/cmake)
[0.163s] -- Found rosidl_adapter: 3.1.7 (/opt/ros/humble/share/rosidl_adapter/cmake)
[0.168s] -- Found rosidl_generator_cpp: 3.1.7 (/opt/ros/humble/share/rosidl_generator_cpp/cmake)
[0.175s] -- Using all available rosidl_typesupport_c: rosidl_typesupport_fastrtps_c;rosidl_typesupport_introspection_c
[0.184s] -- Using all available rosidl_typesupport_cpp: rosidl_typesupport_fastrtps_cpp;rosidl_typesupport_introspection_cpp
[0.208s] -- Found rmw_implementation_cmake: 6.1.2 (/opt/ros/humble/share/rmw_implementation_cmake/cmake)
[0.209s] -- Found rmw_fastrtps_cpp: 6.2.8 (/opt/ros/humble/share/rmw_fastrtps_cpp/cmake)
[0.299s] -- Using RMW implementation 'rmw_fastrtps_cpp' as default
[0.337s] -- Found base_interfaces_demo: 0.0.0 (/home/user1/ws01_plumbing/install/base_interfaces_demo/share/base_interfaces_demo/cmake)
[0.339s] -- Found ament_lint_auto: 0.12.14 (/opt/ros/humble/share/ament_lint_auto/cmake)
[0.402s] -- Added test 'cppcheck' to perform static code analysis on C / C++ code
[0.402s] -- Configured cppcheck include dirs: $<BUILD_INTERFACE:/home/user1/ws01_plumbing/src/cpp01_topic/include>
[0.402s] -- Configured cppcheck exclude dirs and/or files: 
[0.402s] -- Added test 'lint_cmake' to check CMake code style
[0.403s] -- Added test 'uncrustify' to check C / C++ code style
[0.403s] -- Configured uncrustify additional arguments: 
[0.403s] -- Added test 'xmllint' to check XML markup files
[0.404s] -- Configuring done
[0.415s] -- Generating done
[0.419s] -- Build files have been written to: /home/user1/ws01_plumbing/build/cpp01_topic
[0.454s] [35m[1mConsolidate compiler generated dependencies of target demo01_talker_str[0m
[0.469s] [ 25%] [32mBuilding CXX object CMakeFiles/demo02_listener_str.dir/src/demo02_listener_str.cpp.o[0m
[0.482s] [ 50%] [32mBuilding CXX object CMakeFiles/demo01_talker_str.dir/src/demo01_talker_str.cpp.o[0m
[2.798s] [01m[K/home/user1/ws01_plumbing/src/cpp01_topic/src/demo02_listener_str.cpp:23:2:[m[K [01;31m[Kerror: [m[Kexpected â€˜[01m[K;[m[Kâ€™ after class definition
[2.798s]    23 | }
[2.799s]       |  [01;31m[K^[m[K
[2.799s]       |  [32m[K;[m[K
[3.333s] gmake[2]: *** [CMakeFiles/demo02_listener_str.dir/build.make:76ï¼šCMakeFiles/demo02_listener_str.dir/src/demo02_listener_str.cpp.o] é”™è¯¯ 1
[3.333s] gmake[1]: *** [CMakeFiles/Makefile2:165ï¼šCMakeFiles/demo02_listener_str.dir/all] é”™è¯¯ 2
[3.334s] gmake[1]: *** æ­£åœ¨ç­‰å¾…æœªå®Œæˆçš„ä»»åŠ¡....
[4.435s] [ 75%] [32m[1mLinking CXX executable demo01_talker_str[0m
[4.576s] [ 75%] Built target demo01_talker_str
[4.577s] gmake: *** [Makefile:146ï¼šall] é”™è¯¯ 2
[4.579s] Invoked command in '/home/user1/ws01_plumbing/build/cpp01_topic' returned '2': CMAKE_PREFIX_PATH=/home/user1/ws01_plumbing/install/base_interfaces_demo:/home/user1/ws01_plumbing/install/cpp01_topic:/home/user1/ws01_plumbing/install/py01_topic:/opt/ros/humble /usr/bin/cmake --build /home/user1/ws01_plumbing/build/cpp01_topic -- -j12 -l12
