<?xml version="1.0" encoding="UTF-8"?>
<Site BuildName="(empty)"
	BuildStamp="20251217-0224-Experimental"
	Name="CNBESLPL240103"
	Generator="ctest-3.22.1"
	CompilerName="/usr/bin/g++"
	CompilerVersion="11.4.0"
	OSName="Linux"
	Hostname="CNBESLPL240103"
	OSRelease="6.8.0-88-generic"
	OSVersion="#89~22.04.2-Ubuntu SMP PREEMPT_DYNAMIC Wed Oct 29 10:45:25 UTC 2"
	OSPlatform="x86_64"
	Is64Bits="1"
	VendorString="AuthenticAMD"
	VendorID="Advanced Micro Devices"
	FamilyID="25"
	ModelID="80"
	ProcessorCacheSize="512"
	NumberOfLogicalCPU="12"
	NumberOfPhysicalCPU="6"
	TotalVirtualMemory="0"
	TotalPhysicalMemory="14805"
	LogicalProcessorsPerPhysical="2"
	ProcessorClockFrequency="4304.79"
	>
	<Testing>
		<StartDateTime>Dec 17 14:51 CST</StartDateTime>
		<StartTestTime>1765954270</StartTestTime>
		<TestList/>
		<EndDateTime>Dec 17 14:51 CST</EndDateTime>
		<EndTestTime>1765954270</EndTestTime>
		<ElapsedMinutes>0</ElapsedMinutes>
	</Testing>
</Site>
